
> glimpse-web@0.1.0 dev
> node server.js

> NextJS + Socket.IO 서버 실행 중: http://localhost:3000
 ✓ Compiled /api/health in 278ms (331 modules)
 GET /api/health 200 in 363ms
 ○ Compiling / ...
 ✓ Compiled / in 547ms (745 modules)
 GET / 200 in 697ms
 GET /api/health 200 in 28ms
 ✓ Compiled /favicon.ico in 62ms (481 modules)
 GET /favicon.ico 200 in 77ms
 ✓ Compiled /chat in 299ms (879 modules)
 GET /chat 200 in 334ms
클라이언트 연결됨: P3Xb_xn4lmHIVKzBAAAB
소켓 P3Xb_xn4lmHIVKzBAAAB이 매치 test-match-123에 입장
소켓 P3Xb_xn4lmHIVKzBAAAB이 매치 test-match-123에 입장
소켓 P3Xb_xn4lmHIVKzBAAAB이 매치 test-match-123에 입장
메시지 수신: {
  id: 'msg-1753368714494',
  content: '안녕하세요! 테스트 메시지입니다.',
  senderId: 'user-3az024ack',
  matchId: 'test-match-123',
  timestamp: '2025-07-24T14:51:54.494Z',
  isEncrypted: false
}
소켓 P3Xb_xn4lmHIVKzBAAAB이 매치 test-match-123에 입장
 GET /chat 200 in 95ms
클라이언트 연결됨: 8IaC0nlWduhPT77fAAAD
소켓 8IaC0nlWduhPT77fAAAD이 매치 test-match-123에 입장
소켓 8IaC0nlWduhPT77fAAAD이 매치 test-match-123에 입장
소켓 8IaC0nlWduhPT77fAAAD이 매치 test-match-123에 입장
메시지 수신: {
  id: 'msg-1753368785175',
  content: '두 번째 탭에서 보내는 메시지입니다!',
  senderId: 'user-xkizvty3w',
  matchId: 'test-match-123',
  timestamp: '2025-07-24T14:53:05.175Z',
  isEncrypted: false
}
소켓 P3Xb_xn4lmHIVKzBAAAB이 매치 test-match-123에 입장
소켓 8IaC0nlWduhPT77fAAAD이 매치 test-match-123에 입장
클라이언트 연결 해제됨: 8IaC0nlWduhPT77fAAAD
클라이언트 연결 해제됨: P3Xb_xn4lmHIVKzBAAAB
 ✓ Compiled in 130ms (857 modules)
 ✓ Compiled in 85ms (857 modules)
 ✓ Compiled in 77ms (857 modules)
 ✓ Compiled in 77ms (857 modules)
